[2021-08-12 13:00:55,451] INFO [GroupCoordinator 0]: Member[group.instance.id None, member.id consumer-console-consumer-54302-1-cccaa22d-0813-4dde-bde0-3acc1a3a43f9] in group console-consumer-54302 has left, removing it from the group (kafka.coordinator.group.GroupCoordinator)
[2021-08-12 13:00:55,452] INFO [GroupCoordinator 0]: Preparing to rebalance group console-consumer-54302 in state PreparingRebalance with old generation 1 (__consumer_offsets-45) (reason: removing member consumer-console-consumer-54302-1-cccaa22d-0813-4dde-bde0-3acc1a3a43f9 on LeaveGroup) (kafka.coordinator.group.GroupCoordinator)
[2021-08-12 13:00:55,452] INFO [GroupCoordinator 0]: Group console-consumer-54302 with generation 2 is now empty (__consumer_offsets-45) (kafka.coordinator.group.GroupCoordinator)
[2021-08-12 13:01:27,293] INFO [GroupCoordinator 0]: Preparing to rebalance group console-consumer-98222 in state PreparingRebalance with old generation 0 (__consumer_offsets-44) (reason: Adding new member consumer-console-consumer-98222-1-c18724ee-6222-4810-8689-393b75252ce7 with group instance id None) (kafka.coordinator.group.GroupCoordinator)
[2021-08-12 13:01:27,294] INFO [GroupCoordinator 0]: Stabilized group console-consumer-98222 generation 1 (__consumer_offsets-44) with 1 members (kafka.coordinator.group.GroupCoordinator)
[2021-08-12 13:01:27,297] INFO [GroupCoordinator 0]: Assignment received from leader for group console-consumer-98222 for generation 1. The group has 1 members, 0 of which are static. (kafka.coordinator.group.GroupCoordinator)
[2021-08-12 13:01:36,984] INFO [GroupCoordinator 0]: Member[group.instance.id None, member.id consumer-console-consumer-98222-1-c18724ee-6222-4810-8689-393b75252ce7] in group console-consumer-98222 has left, removing it from the group (kafka.coordinator.group.GroupCoordinator)
[2021-08-12 13:01:36,984] INFO [GroupCoordinator 0]: Preparing to rebalance group console-consumer-98222 in state PreparingRebalance with old generation 1 (__consumer_offsets-44) (reason: removing member consumer-console-consumer-98222-1-c18724ee-6222-4810-8689-393b75252ce7 on LeaveGroup) (kafka.coordinator.group.GroupCoordinator)
[2021-08-12 13:01:36,984] INFO [GroupCoordinator 0]: Group console-consumer-98222 with generation 2 is now empty (__consumer_offsets-44) (kafka.coordinator.group.GroupCoordinator)
[2021-08-12 13:03:37,900] INFO [GroupCoordinator 0]: Member[group.instance.id None, member.id consumer-console-consumer-81295-1-a12195f2-6f89-4c99-b530-06a09bc8f3a7] in group console-consumer-81295 has left, removing it from the group (kafka.coordinator.group.GroupCoordinator)
[2021-08-12 13:03:37,901] INFO [GroupCoordinator 0]: Preparing to rebalance group console-consumer-81295 in state PreparingRebalance with old generation 1 (__consumer_offsets-6) (reason: removing member consumer-console-consumer-81295-1-a12195f2-6f89-4c99-b530-06a09bc8f3a7 on LeaveGroup) (kafka.coordinator.group.GroupCoordinator)
[2021-08-12 13:03:37,901] INFO [GroupCoordinator 0]: Group console-consumer-81295 with generation 2 is now empty (__consumer_offsets-6) (kafka.coordinator.group.GroupCoordinator)
[2021-08-12 13:03:41,994] INFO [GroupCoordinator 0]: Member[group.instance.id None, member.id consumer-console-consumer-99806-1-40a57399-eb1f-413a-9722-272f24bf1440] in group console-consumer-99806 has left, removing it from the group (kafka.coordinator.group.GroupCoordinator)
[2021-08-12 13:03:41,995] INFO [GroupCoordinator 0]: Preparing to rebalance group console-consumer-99806 in state PreparingRebalance with old generation 1 (__consumer_offsets-43) (reason: removing member consumer-console-consumer-99806-1-40a57399-eb1f-413a-9722-272f24bf1440 on LeaveGroup) (kafka.coordinator.group.GroupCoordinator)
[2021-08-12 13:03:41,995] INFO [GroupCoordinator 0]: Group console-consumer-99806 with generation 2 is now empty (__consumer_offsets-43) (kafka.coordinator.group.GroupCoordinator)
[2021-08-12 13:08:20,359] INFO [GroupMetadataManager brokerId=0] Group console-consumer-81295 transitioned to Dead in generation 2 (kafka.coordinator.group.GroupMetadataManager)
[2021-08-12 13:08:20,360] INFO [GroupMetadataManager brokerId=0] Group console-consumer-98222 transitioned to Dead in generation 2 (kafka.coordinator.group.GroupMetadataManager)
[2021-08-12 13:08:20,361] INFO [GroupMetadataManager brokerId=0] Group console-consumer-99806 transitioned to Dead in generation 2 (kafka.coordinator.group.GroupMetadataManager)
[2021-08-12 13:08:20,362] INFO [GroupMetadataManager brokerId=0] Group console-consumer-27673 transitioned to Dead in generation 2 (kafka.coordinator.group.GroupMetadataManager)
[2021-08-12 13:08:20,363] INFO [GroupMetadataManager brokerId=0] Group console-consumer-54302 transitioned to Dead in generation 2 (kafka.coordinator.group.GroupMetadataManager)
