2021-08-12 11:42:47,598 [myid:] - INFO  [main:QuorumPeerConfig@174] - Reading configuration from: /home/smekto4ka/projectIDEA/GitHub/Racce/Kafka/zookeeper/bin/../conf/zoo.cfg
2021-08-12 11:42:47,644 [myid:] - INFO  [main:QuorumPeerConfig@444] - clientPortAddress is 0.0.0.0:2181
2021-08-12 11:42:47,644 [myid:] - INFO  [main:QuorumPeerConfig@448] - secureClientPort is not set
2021-08-12 11:42:47,645 [myid:] - INFO  [main:QuorumPeerConfig@464] - observerMasterPort is not set
2021-08-12 11:42:47,645 [myid:] - INFO  [main:QuorumPeerConfig@481] - metricsProvider.className is org.apache.zookeeper.metrics.impl.DefaultMetricsProvider
2021-08-12 11:42:47,647 [myid:] - INFO  [main:DatadirCleanupManager@78] - autopurge.snapRetainCount set to 3
2021-08-12 11:42:47,647 [myid:] - INFO  [main:DatadirCleanupManager@79] - autopurge.purgeInterval set to 0
2021-08-12 11:42:47,647 [myid:] - INFO  [main:DatadirCleanupManager@101] - Purge task is not scheduled.
2021-08-12 11:42:47,647 [myid:] - WARN  [main:QuorumPeerMain@139] - Either no config or no quorum defined in config, running in standalone mode
2021-08-12 11:42:47,650 [myid:] - INFO  [main:ManagedUtil@44] - Log4j 1.2 jmx support found and enabled.
2021-08-12 11:42:47,655 [myid:] - INFO  [main:QuorumPeerConfig@174] - Reading configuration from: /home/smekto4ka/projectIDEA/GitHub/Racce/Kafka/zookeeper/bin/../conf/zoo.cfg
2021-08-12 11:42:47,656 [myid:] - INFO  [main:QuorumPeerConfig@444] - clientPortAddress is 0.0.0.0:2181
2021-08-12 11:42:47,656 [myid:] - INFO  [main:QuorumPeerConfig@448] - secureClientPort is not set
2021-08-12 11:42:47,656 [myid:] - INFO  [main:QuorumPeerConfig@464] - observerMasterPort is not set
2021-08-12 11:42:47,656 [myid:] - INFO  [main:QuorumPeerConfig@481] - metricsProvider.className is org.apache.zookeeper.metrics.impl.DefaultMetricsProvider
2021-08-12 11:42:47,656 [myid:] - INFO  [main:ZooKeeperServerMain@123] - Starting server
2021-08-12 11:42:47,665 [myid:] - INFO  [main:ServerMetrics@62] - ServerMetrics initialized with provider org.apache.zookeeper.metrics.impl.DefaultMetricsProvider@17f6480
2021-08-12 11:42:47,667 [myid:] - INFO  [main:DigestAuthenticationProvider@47] - ACL digest algorithm is: SHA1
2021-08-12 11:42:47,667 [myid:] - INFO  [main:DigestAuthenticationProvider@61] - zookeeper.DigestAuthenticationProvider.enabled = true
2021-08-12 11:42:47,670 [myid:] - INFO  [main:FileTxnSnapLog@124] - zookeeper.snapshot.trust.empty : false
2021-08-12 11:42:47,705 [myid:] - INFO  [main:ZookeeperBanner@42] - 
2021-08-12 11:42:47,705 [myid:] - INFO  [main:ZookeeperBanner@42] -   ______                  _                                          
2021-08-12 11:42:47,705 [myid:] - INFO  [main:ZookeeperBanner@42] -  |___  /                 | |                                         
2021-08-12 11:42:47,706 [myid:] - INFO  [main:ZookeeperBanner@42] -     / /    ___     ___   | | __   ___    ___   _ __     ___   _ __   
2021-08-12 11:42:47,706 [myid:] - INFO  [main:ZookeeperBanner@42] -    / /    / _ \   / _ \  | |/ /  / _ \  / _ \ | '_ \   / _ \ | '__|
2021-08-12 11:42:47,706 [myid:] - INFO  [main:ZookeeperBanner@42] -   / /__  | (_) | | (_) | |   <  |  __/ |  __/ | |_) | |  __/ | |    
2021-08-12 11:42:47,706 [myid:] - INFO  [main:ZookeeperBanner@42] -  /_____|  \___/   \___/  |_|\_\  \___|  \___| | .__/   \___| |_|
2021-08-12 11:42:47,706 [myid:] - INFO  [main:ZookeeperBanner@42] -                                               | |                     
2021-08-12 11:42:47,706 [myid:] - INFO  [main:ZookeeperBanner@42] -                                               |_|                     
2021-08-12 11:42:47,706 [myid:] - INFO  [main:ZookeeperBanner@42] - 
2021-08-12 11:42:47,709 [myid:] - INFO  [main:Environment@98] - Server environment:zookeeper.version=3.7.0-e3704b390a6697bfdf4b0bef79e3da7a4f6bac4b, built on 2021-03-17 09:46 UTC
2021-08-12 11:42:47,709 [myid:] - INFO  [main:Environment@98] - Server environment:host.name=smekto4ka
2021-08-12 11:42:47,709 [myid:] - INFO  [main:Environment@98] - Server environment:java.version=1.8.0_292
2021-08-12 11:42:47,709 [myid:] - INFO  [main:Environment@98] - Server environment:java.vendor=Private Build
2021-08-12 11:42:47,709 [myid:] - INFO  [main:Environment@98] - Server environment:java.home=/usr/lib/jvm/java-8-openjdk-amd64/jre
2021-08-12 11:42:47,709 [myid:] - INFO  [main:Environment@98] - Server environment:java.class.path=/home/smekto4ka/projectIDEA/GitHub/Racce/Kafka/zookeeper/bin/../zookeeper-server/target/classes:/home/smekto4ka/projectIDEA/GitHub/Racce/Kafka/zookeeper/bin/../build/classes:/home/smekto4ka/projectIDEA/GitHub/Racce/Kafka/zookeeper/bin/../zookeeper-server/target/lib/*.jar:/home/smekto4ka/projectIDEA/GitHub/Racce/Kafka/zookeeper/bin/../build/lib/*.jar:/home/smekto4ka/projectIDEA/GitHub/Racce/Kafka/zookeeper/bin/../lib/zookeeper-prometheus-metrics-3.7.0.jar:/home/smekto4ka/projectIDEA/GitHub/Racce/Kafka/zookeeper/bin/../lib/zookeeper-jute-3.7.0.jar:/home/smekto4ka/projectIDEA/GitHub/Racce/Kafka/zookeeper/bin/../lib/zookeeper-3.7.0.jar:/home/smekto4ka/projectIDEA/GitHub/Racce/Kafka/zookeeper/bin/../lib/snappy-java-1.1.7.7.jar:/home/smekto4ka/projectIDEA/GitHub/Racce/Kafka/zookeeper/bin/../lib/slf4j-log4j12-1.7.30.jar:/home/smekto4ka/projectIDEA/GitHub/Racce/Kafka/zookeeper/bin/../lib/slf4j-api-1.7.30.jar:/home/smekto4ka/projectIDEA/GitHub/Racce/Kafka/zookeeper/bin/../lib/simpleclient_servlet-0.9.0.jar:/home/smekto4ka/projectIDEA/GitHub/Racce/Kafka/zookeeper/bin/../lib/simpleclient_hotspot-0.9.0.jar:/home/smekto4ka/projectIDEA/GitHub/Racce/Kafka/zookeeper/bin/../lib/simpleclient_common-0.9.0.jar:/home/smekto4ka/projectIDEA/GitHub/Racce/Kafka/zookeeper/bin/../lib/simpleclient-0.9.0.jar:/home/smekto4ka/projectIDEA/GitHub/Racce/Kafka/zookeeper/bin/../lib/netty-transport-native-unix-common-4.1.59.Final.jar:/home/smekto4ka/projectIDEA/GitHub/Racce/Kafka/zookeeper/bin/../lib/netty-transport-native-epoll-4.1.59.Final.jar:/home/smekto4ka/projectIDEA/GitHub/Racce/Kafka/zookeeper/bin/../lib/netty-transport-4.1.59.Final.jar:/home/smekto4ka/projectIDEA/GitHub/Racce/Kafka/zookeeper/bin/../lib/netty-resolver-4.1.59.Final.jar:/home/smekto4ka/projectIDEA/GitHub/Racce/Kafka/zookeeper/bin/../lib/netty-handler-4.1.59.Final.jar:/home/smekto4ka/projectIDEA/GitHub/Racce/Kafka/zookeeper/bin/../lib/netty-common-4.1.59.Final.jar:/home/smekto4ka/projectIDEA/GitHub/Racce/Kafka/zookeeper/bin/../lib/netty-codec-4.1.59.Final.jar:/home/smekto4ka/projectIDEA/GitHub/Racce/Kafka/zookeeper/bin/../lib/netty-buffer-4.1.59.Final.jar:/home/smekto4ka/projectIDEA/GitHub/Racce/Kafka/zookeeper/bin/../lib/metrics-core-4.1.12.1.jar:/home/smekto4ka/projectIDEA/GitHub/Racce/Kafka/zookeeper/bin/../lib/log4j-1.2.17.jar:/home/smekto4ka/projectIDEA/GitHub/Racce/Kafka/zookeeper/bin/../lib/jline-2.14.6.jar:/home/smekto4ka/projectIDEA/GitHub/Racce/Kafka/zookeeper/bin/../lib/jetty-util-ajax-9.4.38.v20210224.jar:/home/smekto4ka/projectIDEA/GitHub/Racce/Kafka/zookeeper/bin/../lib/jetty-util-9.4.38.v20210224.jar:/home/smekto4ka/projectIDEA/GitHub/Racce/Kafka/zookeeper/bin/../lib/jetty-servlet-9.4.38.v20210224.jar:/home/smekto4ka/projectIDEA/GitHub/Racce/Kafka/zookeeper/bin/../lib/jetty-server-9.4.38.v20210224.jar:/home/smekto4ka/projectIDEA/GitHub/Racce/Kafka/zookeeper/bin/../lib/jetty-security-9.4.38.v20210224.jar:/home/smekto4ka/projectIDEA/GitHub/Racce/Kafka/zookeeper/bin/../lib/jetty-io-9.4.38.v20210224.jar:/home/smekto4ka/projectIDEA/GitHub/Racce/Kafka/zookeeper/bin/../lib/jetty-http-9.4.38.v20210224.jar:/home/smekto4ka/projectIDEA/GitHub/Racce/Kafka/zookeeper/bin/../lib/javax.servlet-api-3.1.0.jar:/home/smekto4ka/projectIDEA/GitHub/Racce/Kafka/zookeeper/bin/../lib/jackson-databind-2.10.5.1.jar:/home/smekto4ka/projectIDEA/GitHub/Racce/Kafka/zookeeper/bin/../lib/jackson-core-2.10.5.jar:/home/smekto4ka/projectIDEA/GitHub/Racce/Kafka/zookeeper/bin/../lib/jackson-annotations-2.10.5.jar:/home/smekto4ka/projectIDEA/GitHub/Racce/Kafka/zookeeper/bin/../lib/commons-cli-1.4.jar:/home/smekto4ka/projectIDEA/GitHub/Racce/Kafka/zookeeper/bin/../lib/audience-annotations-0.12.0.jar:/home/smekto4ka/projectIDEA/GitHub/Racce/Kafka/zookeeper/bin/../zookeeper-*.jar:/home/smekto4ka/projectIDEA/GitHub/Racce/Kafka/zookeeper/bin/../zookeeper-server/src/main/resources/lib/*.jar:/home/smekto4ka/projectIDEA/GitHub/Racce/Kafka/zookeeper/bin/../conf:
2021-08-12 11:42:47,709 [myid:] - INFO  [main:Environment@98] - Server environment:java.library.path=/usr/java/packages/lib/amd64:/usr/lib/x86_64-linux-gnu/jni:/lib/x86_64-linux-gnu:/usr/lib/x86_64-linux-gnu:/usr/lib/jni:/lib:/usr/lib
2021-08-12 11:42:47,709 [myid:] - INFO  [main:Environment@98] - Server environment:java.io.tmpdir=/tmp
2021-08-12 11:42:47,709 [myid:] - INFO  [main:Environment@98] - Server environment:java.compiler=<NA>
2021-08-12 11:42:47,709 [myid:] - INFO  [main:Environment@98] - Server environment:os.name=Linux
2021-08-12 11:42:47,710 [myid:] - INFO  [main:Environment@98] - Server environment:os.arch=amd64
2021-08-12 11:42:47,710 [myid:] - INFO  [main:Environment@98] - Server environment:os.version=5.11.0-25-generic
2021-08-12 11:42:47,710 [myid:] - INFO  [main:Environment@98] - Server environment:user.name=smekto4ka
2021-08-12 11:42:47,710 [myid:] - INFO  [main:Environment@98] - Server environment:user.home=/home/smekto4ka
2021-08-12 11:42:47,710 [myid:] - INFO  [main:Environment@98] - Server environment:user.dir=/home/smekto4ka/projectIDEA/GitHub/Racce/Kafka/zookeeper/bin
2021-08-12 11:42:47,710 [myid:] - INFO  [main:Environment@98] - Server environment:os.memory.free=223MB
2021-08-12 11:42:47,710 [myid:] - INFO  [main:Environment@98] - Server environment:os.memory.max=889MB
2021-08-12 11:42:47,710 [myid:] - INFO  [main:Environment@98] - Server environment:os.memory.total=240MB
2021-08-12 11:42:47,710 [myid:] - INFO  [main:ZooKeeperServer@138] - zookeeper.enableEagerACLCheck = false
2021-08-12 11:42:47,710 [myid:] - INFO  [main:ZooKeeperServer@151] - zookeeper.digest.enabled = true
2021-08-12 11:42:47,710 [myid:] - INFO  [main:ZooKeeperServer@155] - zookeeper.closeSessionTxn.enabled = true
2021-08-12 11:42:47,710 [myid:] - INFO  [main:ZooKeeperServer@1499] - zookeeper.flushDelay=0
2021-08-12 11:42:47,710 [myid:] - INFO  [main:ZooKeeperServer@1508] - zookeeper.maxWriteQueuePollTime=0
2021-08-12 11:42:47,710 [myid:] - INFO  [main:ZooKeeperServer@1517] - zookeeper.maxBatchSize=1000
2021-08-12 11:42:47,710 [myid:] - INFO  [main:ZooKeeperServer@260] - zookeeper.intBufferStartingSizeBytes = 1024
2021-08-12 11:42:47,711 [myid:] - INFO  [main:BlueThrottle@141] - Weighed connection throttling is disabled
2021-08-12 11:42:47,712 [myid:] - INFO  [main:ZooKeeperServer@1300] - minSessionTimeout set to 4000
2021-08-12 11:42:47,712 [myid:] - INFO  [main:ZooKeeperServer@1309] - maxSessionTimeout set to 40000
2021-08-12 11:42:47,713 [myid:] - INFO  [main:ResponseCache@45] - getData response cache size is initialized with value 400.
2021-08-12 11:42:47,713 [myid:] - INFO  [main:ResponseCache@45] - getChildren response cache size is initialized with value 400.
2021-08-12 11:42:47,713 [myid:] - INFO  [main:RequestPathMetricsCollector@109] - zookeeper.pathStats.slotCapacity = 60
2021-08-12 11:42:47,714 [myid:] - INFO  [main:RequestPathMetricsCollector@110] - zookeeper.pathStats.slotDuration = 15
2021-08-12 11:42:47,714 [myid:] - INFO  [main:RequestPathMetricsCollector@111] - zookeeper.pathStats.maxDepth = 6
2021-08-12 11:42:47,714 [myid:] - INFO  [main:RequestPathMetricsCollector@112] - zookeeper.pathStats.initialDelay = 5
2021-08-12 11:42:47,714 [myid:] - INFO  [main:RequestPathMetricsCollector@113] - zookeeper.pathStats.delay = 5
2021-08-12 11:42:47,714 [myid:] - INFO  [main:RequestPathMetricsCollector@114] - zookeeper.pathStats.enabled = false
2021-08-12 11:42:47,717 [myid:] - INFO  [main:ZooKeeperServer@1536] - The max bytes for all large requests are set to 104857600
2021-08-12 11:42:47,717 [myid:] - INFO  [main:ZooKeeperServer@1550] - The large request threshold is set to -1
2021-08-12 11:42:47,718 [myid:] - INFO  [main:AuthenticationHelper@66] - zookeeper.enforce.auth.enabled = false
2021-08-12 11:42:47,718 [myid:] - INFO  [main:AuthenticationHelper@67] - zookeeper.enforce.auth.schemes = []
2021-08-12 11:42:47,718 [myid:] - INFO  [main:ZooKeeperServer@361] - Created server with tickTime 2000 minSessionTimeout 4000 maxSessionTimeout 40000 clientPortListenBacklog -1 datadir /home/smekto4ka/projectIDEA/GitHub/Racce/Kafka/zookeeper/data/version-2 snapdir /home/smekto4ka/projectIDEA/GitHub/Racce/Kafka/zookeeper/data/version-2
2021-08-12 11:42:47,735 [myid:] - INFO  [main:Log@169] - Logging initialized @466ms to org.eclipse.jetty.util.log.Slf4jLog
2021-08-12 11:42:47,796 [myid:] - WARN  [main:ContextHandler@1660] - o.e.j.s.ServletContextHandler@467aecef{/,null,STOPPED} contextPath ends with /*
2021-08-12 11:42:47,796 [myid:] - WARN  [main:ContextHandler@1671] - Empty contextPath
2021-08-12 11:42:47,808 [myid:] - INFO  [main:Server@375] - jetty-9.4.38.v20210224; built: 2021-02-24T20:25:07.675Z; git: 288f3cc74549e8a913bf363250b0744f2695b8e6; jvm 1.8.0_292-8u292-b10-0ubuntu1~20.04-b10
2021-08-12 11:42:47,829 [myid:] - INFO  [main:DefaultSessionIdManager@334] - DefaultSessionIdManager workerName=node0
2021-08-12 11:42:47,829 [myid:] - INFO  [main:DefaultSessionIdManager@339] - No SessionScavenger set, using defaults
2021-08-12 11:42:47,830 [myid:] - INFO  [main:HouseKeeper@132] - node0 Scavenging every 600000ms
2021-08-12 11:42:47,842 [myid:] - WARN  [main:ConstraintSecurityHandler@759] - ServletContext@o.e.j.s.ServletContextHandler@467aecef{/,null,STARTING} has uncovered http methods for path: /*
2021-08-12 11:42:47,851 [myid:] - INFO  [main:ContextHandler@916] - Started o.e.j.s.ServletContextHandler@467aecef{/,null,AVAILABLE}
2021-08-12 11:42:47,883 [myid:] - INFO  [main:AbstractConnector@331] - Started ServerConnector@5bc79255{HTTP/1.1, (http/1.1)}{0.0.0.0:8080}
2021-08-12 11:42:47,883 [myid:] - INFO  [main:Server@415] - Started @615ms
2021-08-12 11:42:47,883 [myid:] - INFO  [main:JettyAdminServer@181] - Started AdminServer on address 0.0.0.0, port 8080 and command URL /commands
2021-08-12 11:42:47,888 [myid:] - INFO  [main:ServerCnxnFactory@169] - Using org.apache.zookeeper.server.NIOServerCnxnFactory as server connection factory
2021-08-12 11:42:47,896 [myid:] - WARN  [main:ServerCnxnFactory@309] - maxCnxns is not configured, using default value 0.
2021-08-12 11:42:47,898 [myid:] - INFO  [main:NIOServerCnxnFactory@652] - Configuring NIO connection handler with 10s sessionless connection timeout, 2 selector thread(s), 16 worker threads, and 64 kB direct buffers.
2021-08-12 11:42:47,899 [myid:] - INFO  [main:NIOServerCnxnFactory@660] - binding to port 0.0.0.0/0.0.0.0:2181
2021-08-12 11:42:47,910 [myid:] - INFO  [main:WatchManagerFactory@42] - Using org.apache.zookeeper.server.watch.WatchManager as watch manager
2021-08-12 11:42:47,910 [myid:] - INFO  [main:WatchManagerFactory@42] - Using org.apache.zookeeper.server.watch.WatchManager as watch manager
2021-08-12 11:42:47,910 [myid:] - INFO  [main:ZKDatabase@133] - zookeeper.snapshotSizeFactor = 0.33
2021-08-12 11:42:47,910 [myid:] - INFO  [main:ZKDatabase@153] - zookeeper.commitLogCount=500
2021-08-12 11:42:47,919 [myid:] - INFO  [main:SnapStream@61] - zookeeper.snapshot.compression.method = CHECKED
2021-08-12 11:42:47,919 [myid:] - INFO  [main:FileTxnSnapLog@479] - Snapshotting: 0x0 to /home/smekto4ka/projectIDEA/GitHub/Racce/Kafka/zookeeper/data/version-2/snapshot.0
2021-08-12 11:42:47,921 [myid:] - INFO  [main:ZKDatabase@290] - Snapshot loaded in 10 ms, highest zxid is 0x0, digest is 1371985504
2021-08-12 11:42:47,922 [myid:] - INFO  [main:FileTxnSnapLog@479] - Snapshotting: 0x0 to /home/smekto4ka/projectIDEA/GitHub/Racce/Kafka/zookeeper/data/version-2/snapshot.0
2021-08-12 11:42:47,922 [myid:] - INFO  [main:ZooKeeperServer@543] - Snapshot taken in 1 ms
2021-08-12 11:42:47,932 [myid:] - INFO  [ProcessThread(sid:0 cport:2181)::PrepRequestProcessor@137] - PrepRequestProcessor (sid:0) started, reconfigEnabled=false
2021-08-12 11:42:47,933 [myid:] - INFO  [main:RequestThrottler@75] - zookeeper.request_throttler.shutdownTimeout = 10000
2021-08-12 11:42:47,947 [myid:] - INFO  [main:ContainerManager@84] - Using checkIntervalMs=60000 maxPerMinute=10000 maxNeverUsedIntervalMs=0
2021-08-12 11:42:47,948 [myid:] - INFO  [main:ZKAuditProvider@42] - ZooKeeper audit is disabled.
2021-08-12 11:42:59,853 [myid:] - INFO  [NIOWorkerThread-1:FourLetterCommands@223] - The list of known four letter word commands is : [{1936881266=srvr, 1937006964=stat, 2003003491=wchc, 1685417328=dump, 1668445044=crst, 1936880500=srst, 1701738089=envi, 1668247142=conf, -720899=telnet close, 1751217000=hash, 2003003507=wchs, 2003003504=wchp, 1684632179=dirs, 1668247155=cons, 1835955314=mntr, 1769173615=isro, 1920298859=ruok, 1735683435=gtmk, 1937010027=stmk}]
2021-08-12 11:42:59,853 [myid:] - INFO  [NIOWorkerThread-1:FourLetterCommands@224] - The list of enabled four letter word commands is : [[srvr]]
2021-08-12 11:42:59,853 [myid:] - INFO  [NIOWorkerThread-1:NIOServerCnxn@514] - Processing srvr command from /127.0.0.1:39004
2021-08-12 11:47:03,803 [myid:] - INFO  [SyncThread:0:FileTxnLog@284] - Creating new log file: log.1
2021-08-12 12:03:50,857 [myid:] - WARN  [NIOWorkerThread-6:NIOServerCnxn@371] - Unexpected exception
EndOfStreamException: Unable to read additional data from client, it probably closed the socket: address = /127.0.0.1:39930, session = 0x10000137f4d0001
	at org.apache.zookeeper.server.NIOServerCnxn.handleFailedRead(NIOServerCnxn.java:170)
	at org.apache.zookeeper.server.NIOServerCnxn.doIO(NIOServerCnxn.java:333)
	at org.apache.zookeeper.server.NIOServerCnxnFactory$IOWorkRequest.doWork(NIOServerCnxnFactory.java:508)
	at org.apache.zookeeper.server.WorkerService$ScheduledWorkRequest.run(WorkerService.java:154)
	at java.util.concurrent.ThreadPoolExecutor.runWorker(ThreadPoolExecutor.java:1149)
	at java.util.concurrent.ThreadPoolExecutor$Worker.run(ThreadPoolExecutor.java:624)
	at java.lang.Thread.run(Thread.java:748)
2021-08-12 12:04:12,151 [myid:] - INFO  [SessionTracker:ZooKeeperServer@628] - Expiring session 0x10000137f4d0001, timeout of 30000ms exceeded
